11:21:10 DEBUG : Logs will be stored at 'C:/repo/My-project/2_/IDE.log'.
11:21:11 INFO  : Launching XSCT server: xsct.bat -n  -interactive C:\repo\My-project\2_\temp_xsdb_launch_script.tcl
11:21:11 INFO  : Platform repository initialization has completed.
11:21:11 INFO  : Registering command handlers for Vitis TCF services
11:21:13 INFO  : XSCT server has started successfully.
11:21:13 INFO  : Successfully done setting XSCT server connection channel  
11:21:14 INFO  : plnx-install-location is set to ''
11:21:14 INFO  : Successfully done setting workspace for the tool. 
11:21:14 INFO  : Successfully done query RDI_DATADIR 
11:23:37 INFO  : Platform 'soc_pmod' is added to custom repositories.
11:23:40 INFO  : [Import] Updating active build configuration of the system project 'pmod_control_system' to 'Debug' after the import.
11:24:38 INFO  : Result from executing command 'getProjects': soc_pmod
11:24:38 INFO  : Result from executing command 'getPlatforms': soc_pmod|C:/repo/My-project/2_/soc_pmod/export/soc_pmod/soc_pmod.xpfm
11:24:39 INFO  : Checking for BSP changes to sync application flags for project 'pmod_control'...
11:25:52 INFO  : Connected to target on host '127.0.0.1' and port '3121'.
11:25:55 INFO  : Jtag cable 'Digilent Zybo Z7 210351BD24DDA' is selected.
11:25:55 INFO  : 'jtag frequency' command is executed.
11:25:56 INFO  : Context for 'APU' is selected.
11:25:56 INFO  : System reset is completed.
11:25:59 INFO  : 'after 3000' command is executed.
11:26:00 INFO  : 'targets -set -filter {jtag_cable_name =~ "Digilent Zybo Z7 210351BD24DDA" && level==0 && jtag_device_ctx=="jsn-Zybo Z7-210351BD24DDA-23727093-0"}' command is executed.
11:26:03 INFO  : Device configured successfully with "C:/repo/My-project/2_/pmod_control/_ide/bitstream/system_wrapper.bit"
11:26:03 INFO  : Context for 'APU' is selected.
11:26:04 INFO  : Hardware design and registers information is loaded from 'C:/repo/My-project/2_/soc_pmod/export/soc_pmod/hw/system_wrapper.xsa'.
11:26:04 INFO  : 'configparams force-mem-access 1' command is executed.
11:26:04 INFO  : Context for 'APU' is selected.
11:26:04 INFO  : Sourcing of 'C:/repo/My-project/2_/pmod_control/_ide/psinit/ps7_init.tcl' is done.
11:26:04 INFO  : 'ps7_init' command is executed.
11:26:04 INFO  : 'ps7_post_config' command is executed.
11:26:04 INFO  : Context for processor 'ps7_cortexa9_0' is selected.
11:26:04 INFO  : The application 'C:/repo/My-project/2_/pmod_control/Debug/pmod_control.elf' is downloaded to processor 'ps7_cortexa9_0'.
11:26:04 INFO  : 'configparams force-mem-access 0' command is executed.
11:26:04 INFO  : ----------------XSDB Script----------------
connect -url tcp:127.0.0.1:3121
targets -set -nocase -filter {name =~"APU*"}
rst -system
after 3000
targets -set -filter {jtag_cable_name =~ "Digilent Zybo Z7 210351BD24DDA" && level==0 && jtag_device_ctx=="jsn-Zybo Z7-210351BD24DDA-23727093-0"}
fpga -file C:/repo/My-project/2_/pmod_control/_ide/bitstream/system_wrapper.bit
targets -set -nocase -filter {name =~"APU*"}
loadhw -hw C:/repo/My-project/2_/soc_pmod/export/soc_pmod/hw/system_wrapper.xsa -mem-ranges [list {0x40000000 0xbfffffff}] -regs
configparams force-mem-access 1
targets -set -nocase -filter {name =~"APU*"}
source C:/repo/My-project/2_/pmod_control/_ide/psinit/ps7_init.tcl
ps7_init
ps7_post_config
targets -set -nocase -filter {name =~ "*A9*#0"}
dow C:/repo/My-project/2_/pmod_control/Debug/pmod_control.elf
configparams force-mem-access 0
----------------End of Script----------------

11:26:04 INFO  : Context for processor 'ps7_cortexa9_0' is selected.
11:26:04 INFO  : 'con' command is executed.
11:26:04 INFO  : ----------------XSDB Script (After Launch)----------------
targets -set -nocase -filter {name =~ "*A9*#0"}
con
----------------End of Script----------------

11:26:04 INFO  : Launch script is exported to file 'C:\repo\My-project\2_\pmod_control_system\_ide\scripts\debugger_pmod_control-default.tcl'
11:31:02 INFO  : Disconnected from the channel tcfchan#2.
