10:59:48 DEBUG : Logs will be stored at 'C:/repo/My-project/1_led_control/IDE.log'.
10:59:49 INFO  : Launching XSCT server: xsct.bat -n  -interactive C:\repo\My-project\1_led_control\temp_xsdb_launch_script.tcl
10:59:49 INFO  : Platform repository initialization has completed.
10:59:49 INFO  : Registering command handlers for Vitis TCF services
10:59:51 INFO  : XSCT server has started successfully.
10:59:51 INFO  : plnx-install-location is set to ''
10:59:52 INFO  : Successfully done setting XSCT server connection channel  
10:59:52 INFO  : Successfully done query RDI_DATADIR 
10:59:52 INFO  : Successfully done setting workspace for the tool. 
11:00:33 INFO  : Result from executing command 'getProjects': led_control
11:00:33 INFO  : Result from executing command 'getPlatforms': 
11:02:21 INFO  : Result from executing command 'getProjects': led_control
11:02:21 INFO  : Result from executing command 'getPlatforms': led_control|C:/repo/My-project/1_led_control/led_control/export/led_control/led_control.xpfm
11:02:21 INFO  : Checking for BSP changes to sync application flags for project 'led_control_app'...
11:02:32 INFO  : Connected to target on host '127.0.0.1' and port '3121'.
11:02:34 INFO  : Jtag cable 'Digilent Zybo Z7 210351BD24DDA' is selected.
11:02:34 INFO  : 'jtag frequency' command is executed.
11:02:34 INFO  : Context for 'APU' is selected.
11:02:34 INFO  : System reset is completed.
11:02:37 INFO  : 'after 3000' command is executed.
11:02:37 INFO  : 'targets -set -filter {jtag_cable_name =~ "Digilent Zybo Z7 210351BD24DDA" && level==0 && jtag_device_ctx=="jsn-Zybo Z7-210351BD24DDA-23727093-0"}' command is executed.
11:02:39 INFO  : Device configured successfully with "C:/repo/My-project/1_led_control/led_control_app/_ide/bitstream/system_wrapper.bit"
11:02:39 INFO  : Context for 'APU' is selected.
11:02:39 INFO  : Hardware design and registers information is loaded from 'C:/repo/My-project/1_led_control/led_control/export/led_control/hw/system_wrapper.xsa'.
11:02:39 INFO  : 'configparams force-mem-access 1' command is executed.
11:02:39 INFO  : Context for 'APU' is selected.
11:02:39 INFO  : Sourcing of 'C:/repo/My-project/1_led_control/led_control_app/_ide/psinit/ps7_init.tcl' is done.
11:02:40 INFO  : 'ps7_init' command is executed.
11:02:40 INFO  : 'ps7_post_config' command is executed.
11:02:40 INFO  : Context for processor 'ps7_cortexa9_0' is selected.
11:02:40 INFO  : The application 'C:/repo/My-project/1_led_control/led_control_app/Debug/led_control_app.elf' is downloaded to processor 'ps7_cortexa9_0'.
11:02:40 INFO  : 'configparams force-mem-access 0' command is executed.
11:02:40 INFO  : ----------------XSDB Script----------------
connect -url tcp:127.0.0.1:3121
targets -set -nocase -filter {name =~"APU*"}
rst -system
after 3000
targets -set -filter {jtag_cable_name =~ "Digilent Zybo Z7 210351BD24DDA" && level==0 && jtag_device_ctx=="jsn-Zybo Z7-210351BD24DDA-23727093-0"}
fpga -file C:/repo/My-project/1_led_control/led_control_app/_ide/bitstream/system_wrapper.bit
targets -set -nocase -filter {name =~"APU*"}
loadhw -hw C:/repo/My-project/1_led_control/led_control/export/led_control/hw/system_wrapper.xsa -mem-ranges [list {0x40000000 0xbfffffff}] -regs
configparams force-mem-access 1
targets -set -nocase -filter {name =~"APU*"}
source C:/repo/My-project/1_led_control/led_control_app/_ide/psinit/ps7_init.tcl
ps7_init
ps7_post_config
targets -set -nocase -filter {name =~ "*A9*#0"}
dow C:/repo/My-project/1_led_control/led_control_app/Debug/led_control_app.elf
configparams force-mem-access 0
----------------End of Script----------------

11:02:40 INFO  : Context for processor 'ps7_cortexa9_0' is selected.
11:02:40 INFO  : 'con' command is executed.
11:02:40 INFO  : ----------------XSDB Script (After Launch)----------------
targets -set -nocase -filter {name =~ "*A9*#0"}
con
----------------End of Script----------------

11:02:40 INFO  : Launch script is exported to file 'C:\repo\My-project\1_led_control\led_control_app_system\_ide\scripts\systemdebugger_led_control_app_system_standalone.tcl'
11:04:13 INFO  : Checking for BSP changes to sync application flags for project 'led_control_app'...
11:04:23 INFO  : Disconnected from the channel tcfchan#2.
11:04:23 INFO  : Connected to target on host '127.0.0.1' and port '3121'.
11:04:23 INFO  : Jtag cable 'Digilent Zybo Z7 210351BD24DDA' is selected.
11:04:23 INFO  : 'jtag frequency' command is executed.
11:04:23 INFO  : Context for 'APU' is selected.
11:04:23 INFO  : System reset is completed.
11:04:26 INFO  : 'after 3000' command is executed.
11:04:26 INFO  : 'targets -set -filter {jtag_cable_name =~ "Digilent Zybo Z7 210351BD24DDA" && level==0 && jtag_device_ctx=="jsn-Zybo Z7-210351BD24DDA-23727093-0"}' command is executed.
11:04:28 INFO  : Device configured successfully with "C:/repo/My-project/1_led_control/led_control_app/_ide/bitstream/system_wrapper.bit"
11:04:28 INFO  : Context for 'APU' is selected.
11:04:28 INFO  : Hardware design and registers information is loaded from 'C:/repo/My-project/1_led_control/led_control/export/led_control/hw/system_wrapper.xsa'.
11:04:28 INFO  : 'configparams force-mem-access 1' command is executed.
11:04:28 INFO  : Context for 'APU' is selected.
11:04:28 INFO  : Sourcing of 'C:/repo/My-project/1_led_control/led_control_app/_ide/psinit/ps7_init.tcl' is done.
11:04:29 INFO  : 'ps7_init' command is executed.
11:04:29 INFO  : 'ps7_post_config' command is executed.
11:04:29 INFO  : Context for processor 'ps7_cortexa9_0' is selected.
11:04:29 INFO  : The application 'C:/repo/My-project/1_led_control/led_control_app/Debug/led_control_app.elf' is downloaded to processor 'ps7_cortexa9_0'.
11:04:29 INFO  : 'configparams force-mem-access 0' command is executed.
11:04:29 INFO  : ----------------XSDB Script----------------
connect -url tcp:127.0.0.1:3121
targets -set -nocase -filter {name =~"APU*"}
rst -system
after 3000
targets -set -filter {jtag_cable_name =~ "Digilent Zybo Z7 210351BD24DDA" && level==0 && jtag_device_ctx=="jsn-Zybo Z7-210351BD24DDA-23727093-0"}
fpga -file C:/repo/My-project/1_led_control/led_control_app/_ide/bitstream/system_wrapper.bit
targets -set -nocase -filter {name =~"APU*"}
loadhw -hw C:/repo/My-project/1_led_control/led_control/export/led_control/hw/system_wrapper.xsa -mem-ranges [list {0x40000000 0xbfffffff}] -regs
configparams force-mem-access 1
targets -set -nocase -filter {name =~"APU*"}
source C:/repo/My-project/1_led_control/led_control_app/_ide/psinit/ps7_init.tcl
ps7_init
ps7_post_config
targets -set -nocase -filter {name =~ "*A9*#0"}
dow C:/repo/My-project/1_led_control/led_control_app/Debug/led_control_app.elf
configparams force-mem-access 0
----------------End of Script----------------

11:04:29 INFO  : Context for processor 'ps7_cortexa9_0' is selected.
11:04:29 INFO  : 'con' command is executed.
11:04:29 INFO  : ----------------XSDB Script (After Launch)----------------
targets -set -nocase -filter {name =~ "*A9*#0"}
con
----------------End of Script----------------

11:04:29 INFO  : Launch script is exported to file 'C:\repo\My-project\1_led_control\led_control_app_system\_ide\scripts\systemdebugger_led_control_app_system_standalone.tcl'
11:19:44 INFO  : Disconnected from the channel tcfchan#3.
